<?xml version="1.0" encoding="UTF-8"?>
<coverage generated="1767517259">
  <project timestamp="1767517259" name="Clover Coverage">
    <package name="Grazulex\AutoBuilder">
      <file name="/var/www/html/src/AutoBuilderServiceProvider.php">
        <class name="Grazulex\AutoBuilder\AutoBuilderServiceProvider" namespace="Grazulex\AutoBuilder">
          <metrics complexity="18" methods="12" coveredmethods="11" conditionals="0" coveredconditionals="0" statements="58" coveredstatements="55" elements="70" coveredelements="66"/>
        </class>
        <line num="24" type="method" name="register" visibility="public" complexity="1" crap="1" count="460"/>
        <line num="26" type="stmt" count="460"/>
        <line num="28" type="stmt" count="460"/>
        <line num="29" type="stmt" count="460"/>
        <line num="30" type="stmt" count="460"/>
        <line num="32" type="stmt" count="460"/>
        <line num="33" type="stmt" count="460"/>
        <line num="34" type="stmt" count="460"/>
        <line num="36" type="stmt" count="460"/>
        <line num="39" type="method" name="boot" visibility="public" complexity="1" crap="1" count="460"/>
        <line num="41" type="stmt" count="460"/>
        <line num="42" type="stmt" count="460"/>
        <line num="43" type="stmt" count="460"/>
        <line num="44" type="stmt" count="460"/>
        <line num="45" type="stmt" count="460"/>
        <line num="46" type="stmt" count="460"/>
        <line num="47" type="stmt" count="460"/>
        <line num="48" type="stmt" count="460"/>
        <line num="49" type="stmt" count="460"/>
        <line num="50" type="stmt" count="460"/>
        <line num="53" type="method" name="registerMiddleware" visibility="protected" complexity="1" crap="1" count="460"/>
        <line num="56" type="stmt" count="460"/>
        <line num="57" type="stmt" count="460"/>
        <line num="60" type="method" name="registerPublishables" visibility="protected" complexity="2" crap="2" count="460"/>
        <line num="62" type="stmt" count="460"/>
        <line num="64" type="stmt" count="460"/>
        <line num="65" type="stmt" count="460"/>
        <line num="66" type="stmt" count="460"/>
        <line num="69" type="stmt" count="460"/>
        <line num="70" type="stmt" count="460"/>
        <line num="71" type="stmt" count="460"/>
        <line num="74" type="stmt" count="460"/>
        <line num="75" type="stmt" count="460"/>
        <line num="76" type="stmt" count="460"/>
        <line num="79" type="stmt" count="460"/>
        <line num="80" type="stmt" count="460"/>
        <line num="81" type="stmt" count="460"/>
        <line num="84" type="stmt" count="460"/>
        <line num="85" type="stmt" count="460"/>
        <line num="86" type="stmt" count="460"/>
        <line num="87" type="stmt" count="460"/>
        <line num="88" type="stmt" count="460"/>
        <line num="89" type="stmt" count="460"/>
        <line num="93" type="method" name="registerCommands" visibility="protected" complexity="2" crap="2" count="460"/>
        <line num="95" type="stmt" count="460"/>
        <line num="96" type="stmt" count="460"/>
        <line num="97" type="stmt" count="460"/>
        <line num="98" type="stmt" count="460"/>
        <line num="99" type="stmt" count="460"/>
        <line num="100" type="stmt" count="460"/>
        <line num="101" type="stmt" count="460"/>
        <line num="105" type="method" name="registerRoutes" visibility="protected" complexity="2" crap="2" count="460"/>
        <line num="107" type="stmt" count="460"/>
        <line num="108" type="stmt" count="460"/>
        <line num="112" type="method" name="registerMigrations" visibility="protected" complexity="1" crap="1" count="460"/>
        <line num="114" type="stmt" count="460"/>
        <line num="117" type="method" name="registerViews" visibility="protected" complexity="1" crap="1" count="460"/>
        <line num="119" type="stmt" count="460"/>
        <line num="122" type="method" name="discoverBricks" visibility="protected" complexity="2" crap="2" count="460"/>
        <line num="124" type="stmt" count="460"/>
        <line num="125" type="stmt" count="460"/>
        <line num="129" type="method" name="registerEventListeners" visibility="protected" complexity="1" crap="1" count="460"/>
        <line num="131" type="stmt" count="460"/>
        <line num="134" type="method" name="registerModelObservers" visibility="protected" complexity="1" crap="1" count="460"/>
        <line num="136" type="stmt" count="460"/>
        <line num="139" type="method" name="bootTriggers" visibility="protected" complexity="3" crap="6.80" count="460"/>
        <line num="143" type="stmt" count="460"/>
        <line num="144" type="stmt" count="0"/>
        <line num="145" type="stmt" count="0"/>
        <line num="146" type="stmt" count="0"/>
        <metrics loc="150" ncloc="142" classes="1" methods="12" coveredmethods="11" conditionals="0" coveredconditionals="0" statements="58" coveredstatements="55" elements="70" coveredelements="66"/>
      </file>
    </package>
    <package name="Grazulex\AutoBuilder\Bricks">
      <file name="/var/www/html/src/Bricks/Action.php">
        <class name="Grazulex\AutoBuilder\Bricks\Action" namespace="Grazulex\AutoBuilder\Bricks">
          <metrics complexity="5" methods="5" coveredmethods="1" conditionals="0" coveredconditionals="0" statements="5" coveredstatements="1" elements="10" coveredelements="2"/>
        </class>
        <line num="11" type="method" name="type" visibility="public" complexity="1" crap="1" count="5"/>
        <line num="13" type="stmt" count="5"/>
        <line num="26" type="method" name="rollback" visibility="public" complexity="1" crap="2" count="0"/>
        <line num="29" type="stmt" count="0"/>
        <line num="34" type="method" name="canRetry" visibility="public" complexity="1" crap="2" count="0"/>
        <line num="36" type="stmt" count="0"/>
        <line num="42" type="method" name="maxRetries" visibility="public" complexity="1" crap="2" count="0"/>
        <line num="44" type="stmt" count="0"/>
        <line num="50" type="method" name="retryDelay" visibility="public" complexity="1" crap="2" count="0"/>
        <line num="52" type="stmt" count="0"/>
        <metrics loc="55" ncloc="37" classes="1" methods="5" coveredmethods="1" conditionals="0" coveredconditionals="0" statements="5" coveredstatements="1" elements="10" coveredelements="2"/>
      </file>
      <file name="/var/www/html/src/Bricks/Brick.php">
        <class name="Grazulex\AutoBuilder\Bricks\Brick" namespace="Grazulex\AutoBuilder\Bricks">
          <metrics complexity="12" methods="9" coveredmethods="6" conditionals="0" coveredconditionals="0" statements="24" coveredstatements="15" elements="33" coveredelements="21"/>
        </class>
        <line num="15" type="method" name="__construct" visibility="public" complexity="1" crap="1" count="344"/>
        <line num="17" type="stmt" count="344"/>
        <line num="38" type="method" name="category" visibility="public" complexity="1" crap="2" count="0"/>
        <line num="40" type="stmt" count="0"/>
        <line num="53" type="method" name="validate" visibility="public" complexity="4" crap="20" count="0"/>
        <line num="55" type="stmt" count="0"/>
        <line num="57" type="stmt" count="0"/>
        <line num="58" type="stmt" count="0"/>
        <line num="59" type="stmt" count="0"/>
        <line num="62" type="stmt" count="0"/>
        <line num="63" type="stmt" count="0"/>
        <line num="66" type="stmt" count="0"/>
        <line num="72" type="method" name="config" visibility="protected" complexity="1" crap="1" count="223"/>
        <line num="74" type="stmt" count="223"/>
        <line num="80" type="method" name="getConfig" visibility="public" complexity="1" crap="1" count="1"/>
        <line num="82" type="stmt" count="1"/>
        <line num="88" type="method" name="setConfig" visibility="public" complexity="1" crap="1" count="44"/>
        <line num="90" type="stmt" count="44"/>
        <line num="92" type="stmt" count="44"/>
        <line num="98" type="method" name="configure" visibility="public" complexity="1" crap="1" count="44"/>
        <line num="100" type="stmt" count="44"/>
        <line num="111" type="method" name="samplePayload" visibility="public" complexity="1" crap="2" count="0"/>
        <line num="113" type="stmt" count="0"/>
        <line num="119" type="method" name="toArray" visibility="public" complexity="1" crap="1" count="3"/>
        <line num="121" type="stmt" count="3"/>
        <line num="122" type="stmt" count="3"/>
        <line num="123" type="stmt" count="3"/>
        <line num="124" type="stmt" count="3"/>
        <line num="125" type="stmt" count="3"/>
        <line num="126" type="stmt" count="3"/>
        <line num="127" type="stmt" count="3"/>
        <line num="128" type="stmt" count="3"/>
        <line num="129" type="stmt" count="3"/>
        <metrics loc="132" ncloc="91" classes="1" methods="9" coveredmethods="6" conditionals="0" coveredconditionals="0" statements="24" coveredstatements="15" elements="33" coveredelements="21"/>
      </file>
      <file name="/var/www/html/src/Bricks/Condition.php">
        <class name="Grazulex\AutoBuilder\Bricks\Condition" namespace="Grazulex\AutoBuilder\Bricks">
          <metrics complexity="3" methods="3" coveredmethods="1" conditionals="0" coveredconditionals="0" statements="3" coveredstatements="1" elements="6" coveredelements="2"/>
        </class>
        <line num="11" type="method" name="type" visibility="public" complexity="1" crap="1" count="5"/>
        <line num="13" type="stmt" count="5"/>
        <line num="26" type="method" name="onTrueLabel" visibility="public" complexity="1" crap="2" count="0"/>
        <line num="28" type="stmt" count="0"/>
        <line num="34" type="method" name="onFalseLabel" visibility="public" complexity="1" crap="2" count="0"/>
        <line num="36" type="stmt" count="0"/>
        <metrics loc="39" ncloc="28" classes="1" methods="3" coveredmethods="1" conditionals="0" coveredconditionals="0" statements="3" coveredstatements="1" elements="6" coveredelements="2"/>
      </file>
      <file name="/var/www/html/src/Bricks/Gate.php">
        <class name="Grazulex\AutoBuilder\Bricks\Gate" namespace="Grazulex\AutoBuilder\Bricks">
          <metrics complexity="5" methods="5" coveredmethods="2" conditionals="0" coveredconditionals="0" statements="5" coveredstatements="2" elements="10" coveredelements="4"/>
        </class>
        <line num="20" type="method" name="type" visibility="public" complexity="1" crap="1" count="3"/>
        <line num="22" type="stmt" count="3"/>
        <line num="35" type="method" name="minInputs" visibility="public" complexity="1" crap="1" count="2"/>
        <line num="37" type="stmt" count="2"/>
        <line num="43" type="method" name="maxInputs" visibility="public" complexity="1" crap="2" count="0"/>
        <line num="45" type="stmt" count="0"/>
        <line num="51" type="method" name="onTrueLabel" visibility="public" complexity="1" crap="2" count="0"/>
        <line num="53" type="stmt" count="0"/>
        <line num="59" type="method" name="onFalseLabel" visibility="public" complexity="1" crap="2" count="0"/>
        <line num="61" type="stmt" count="0"/>
        <metrics loc="64" ncloc="38" classes="1" methods="5" coveredmethods="2" conditionals="0" coveredconditionals="0" statements="5" coveredstatements="2" elements="10" coveredelements="4"/>
      </file>
      <file name="/var/www/html/src/Bricks/Trigger.php">
        <class name="Grazulex\AutoBuilder\Bricks\Trigger" namespace="Grazulex\AutoBuilder\Bricks">
          <metrics complexity="6" methods="5" coveredmethods="1" conditionals="0" coveredconditionals="0" statements="12" coveredstatements="1" elements="17" coveredelements="2"/>
        </class>
        <line num="11" type="method" name="type" visibility="public" complexity="1" crap="1" count="10"/>
        <line num="13" type="stmt" count="10"/>
        <line num="24" type="method" name="unregister" visibility="public" complexity="1" crap="2" count="0"/>
        <line num="27" type="stmt" count="0"/>
        <line num="32" type="method" name="dispatch" visibility="protected" complexity="2" crap="6" count="0"/>
        <line num="34" type="stmt" count="0"/>
        <line num="35" type="stmt" count="0"/>
        <line num="38" type="stmt" count="0"/>
        <line num="39" type="stmt" count="0"/>
        <line num="40" type="stmt" count="0"/>
        <line num="41" type="stmt" count="0"/>
        <line num="42" type="stmt" count="0"/>
        <line num="48" type="method" name="setFlowId" visibility="public" complexity="1" crap="2" count="0"/>
        <line num="50" type="stmt" count="0"/>
        <line num="52" type="stmt" count="0"/>
        <line num="58" type="method" name="getFlowId" visibility="public" complexity="1" crap="2" count="0"/>
        <line num="60" type="stmt" count="0"/>
        <metrics loc="63" ncloc="47" classes="1" methods="5" coveredmethods="1" conditionals="0" coveredconditionals="0" statements="12" coveredstatements="1" elements="17" coveredelements="2"/>
      </file>
    </package>
    <package name="Grazulex\AutoBuilder\BuiltIn\Actions">
      <file name="/var/www/html/src/BuiltIn/Actions/CacheAction.php">
        <class name="Grazulex\AutoBuilder\BuiltIn\Actions\CacheAction" namespace="Grazulex\AutoBuilder\BuiltIn\Actions">
          <metrics complexity="25" methods="12" coveredmethods="12" conditionals="0" coveredconditionals="0" statements="87" coveredstatements="87" elements="99" coveredelements="99"/>
        </class>
        <line num="22" type="method" name="name" visibility="public" complexity="1" crap="1" count="3"/>
        <line num="24" type="stmt" count="3"/>
        <line num="27" type="method" name="description" visibility="public" complexity="1" crap="1" count="2"/>
        <line num="29" type="stmt" count="2"/>
        <line num="32" type="method" name="icon" visibility="public" complexity="1" crap="1" count="3"/>
        <line num="34" type="stmt" count="3"/>
        <line num="37" type="method" name="category" visibility="public" complexity="1" crap="1" count="3"/>
        <line num="39" type="stmt" count="3"/>
        <line num="42" type="method" name="fields" visibility="public" complexity="1" crap="1" count="3"/>
        <line num="44" type="stmt" count="3"/>
        <line num="45" type="stmt" count="3"/>
        <line num="46" type="stmt" count="3"/>
        <line num="47" type="stmt" count="3"/>
        <line num="48" type="stmt" count="3"/>
        <line num="49" type="stmt" count="3"/>
        <line num="50" type="stmt" count="3"/>
        <line num="51" type="stmt" count="3"/>
        <line num="52" type="stmt" count="3"/>
        <line num="53" type="stmt" count="3"/>
        <line num="54" type="stmt" count="3"/>
        <line num="55" type="stmt" count="3"/>
        <line num="56" type="stmt" count="3"/>
        <line num="58" type="stmt" count="3"/>
        <line num="59" type="stmt" count="3"/>
        <line num="60" type="stmt" count="3"/>
        <line num="61" type="stmt" count="3"/>
        <line num="62" type="stmt" count="3"/>
        <line num="64" type="stmt" count="3"/>
        <line num="65" type="stmt" count="3"/>
        <line num="66" type="stmt" count="3"/>
        <line num="67" type="stmt" count="3"/>
        <line num="68" type="stmt" count="3"/>
        <line num="70" type="stmt" count="3"/>
        <line num="71" type="stmt" count="3"/>
        <line num="72" type="stmt" count="3"/>
        <line num="73" type="stmt" count="3"/>
        <line num="74" type="stmt" count="3"/>
        <line num="75" type="stmt" count="3"/>
        <line num="77" type="stmt" count="3"/>
        <line num="78" type="stmt" count="3"/>
        <line num="79" type="stmt" count="3"/>
        <line num="80" type="stmt" count="3"/>
        <line num="81" type="stmt" count="3"/>
        <line num="83" type="stmt" count="3"/>
        <line num="84" type="stmt" count="3"/>
        <line num="85" type="stmt" count="3"/>
        <line num="86" type="stmt" count="3"/>
        <line num="88" type="stmt" count="3"/>
        <line num="89" type="stmt" count="3"/>
        <line num="90" type="stmt" count="3"/>
        <line num="91" type="stmt" count="3"/>
        <line num="92" type="stmt" count="3"/>
        <line num="93" type="stmt" count="3"/>
        <line num="94" type="stmt" count="3"/>
        <line num="95" type="stmt" count="3"/>
        <line num="96" type="stmt" count="3"/>
        <line num="97" type="stmt" count="3"/>
        <line num="98" type="stmt" count="3"/>
        <line num="99" type="stmt" count="3"/>
        <line num="102" type="method" name="handle" visibility="public" complexity="9" crap="9" count="29"/>
        <line num="104" type="stmt" count="29"/>
        <line num="105" type="stmt" count="29"/>
        <line num="106" type="stmt" count="29"/>
        <line num="107" type="stmt" count="29"/>
        <line num="109" type="stmt" count="29"/>
        <line num="111" type="stmt" count="29"/>
        <line num="112" type="stmt" count="12"/>
        <line num="113" type="stmt" count="5"/>
        <line num="114" type="stmt" count="2"/>
        <line num="115" type="stmt" count="2"/>
        <line num="116" type="stmt" count="4"/>
        <line num="117" type="stmt" count="3"/>
        <line num="118" type="stmt" count="1"/>
        <line num="119" type="stmt" count="29"/>
        <line num="121" type="stmt" count="29"/>
        <line num="122" type="stmt" count="29"/>
        <line num="124" type="stmt" count="29"/>
        <line num="127" type="method" name="handlePut" visibility="private" complexity="6" crap="6" count="12"/>
        <line num="129" type="stmt" count="12"/>
        <line num="130" type="stmt" count="12"/>
        <line num="133" type="stmt" count="12"/>
        <line num="134" type="stmt" count="2"/>
        <line num="135" type="stmt" count="2"/>
        <line num="136" type="stmt" count="2"/>
        <line num="140" type="stmt" count="12"/>
        <line num="141" type="stmt" count="11"/>
        <line num="144" type="stmt" count="1"/>
        <line num="147" type="method" name="handleGet" visibility="private" complexity="1" crap="1" count="5"/>
        <line num="149" type="stmt" count="5"/>
        <line num="152" type="method" name="handleForget" visibility="private" complexity="1" crap="1" count="2"/>
        <line num="154" type="stmt" count="2"/>
        <line num="157" type="method" name="handleHas" visibility="private" complexity="1" crap="1" count="2"/>
        <line num="159" type="stmt" count="2"/>
        <line num="162" type="method" name="handleIncrement" visibility="private" complexity="1" crap="1" count="4"/>
        <line num="164" type="stmt" count="4"/>
        <line num="166" type="stmt" count="4"/>
        <line num="169" type="method" name="handleDecrement" visibility="private" complexity="1" crap="1" count="3"/>
        <line num="171" type="stmt" count="3"/>
        <line num="173" type="stmt" count="3"/>
        <metrics loc="176" ncloc="170" classes="1" methods="12" coveredmethods="12" conditionals="0" coveredconditionals="0" statements="87" coveredstatements="87" elements="99" coveredelements="99"/>
      </file>
      <file name="/var/www/html/src/BuiltIn/Actions/CallWebhook.php">
        <class name="Grazulex\AutoBuilder\BuiltIn\Actions\CallWebhook" namespace="Grazulex\AutoBuilder\BuiltIn\Actions">
          <metrics complexity="21" methods="7" coveredmethods="5" conditionals="0" coveredconditionals="0" statements="99" coveredstatements="96" elements="106" coveredelements="101"/>
        </class>
        <line num="18" type="method" name="name" visibility="public" complexity="1" crap="1" count="3"/>
        <line num="20" type="stmt" count="3"/>
        <line num="23" type="method" name="description" visibility="public" complexity="1" crap="1" count="3"/>
        <line num="25" type="stmt" count="3"/>
        <line num="28" type="method" name="icon" visibility="public" complexity="1" crap="1" count="3"/>
        <line num="30" type="stmt" count="3"/>
        <line num="33" type="method" name="category" visibility="public" complexity="1" crap="1" count="3"/>
        <line num="35" type="stmt" count="3"/>
        <line num="38" type="method" name="fields" visibility="public" complexity="1" crap="1" count="12"/>
        <line num="40" type="stmt" count="12"/>
        <line num="41" type="stmt" count="12"/>
        <line num="42" type="stmt" count="12"/>
        <line num="43" type="stmt" count="12"/>
        <line num="44" type="stmt" count="12"/>
        <line num="45" type="stmt" count="12"/>
        <line num="47" type="stmt" count="12"/>
        <line num="48" type="stmt" count="12"/>
        <line num="49" type="stmt" count="12"/>
        <line num="50" type="stmt" count="12"/>
        <line num="51" type="stmt" count="12"/>
        <line num="52" type="stmt" count="12"/>
        <line num="53" type="stmt" count="12"/>
        <line num="54" type="stmt" count="12"/>
        <line num="55" type="stmt" count="12"/>
        <line num="56" type="stmt" count="12"/>
        <line num="58" type="stmt" count="12"/>
        <line num="59" type="stmt" count="12"/>
        <line num="60" type="stmt" count="12"/>
        <line num="61" type="stmt" count="12"/>
        <line num="63" type="stmt" count="12"/>
        <line num="64" type="stmt" count="12"/>
        <line num="65" type="stmt" count="12"/>
        <line num="66" type="stmt" count="12"/>
        <line num="67" type="stmt" count="12"/>
        <line num="69" type="stmt" count="12"/>
        <line num="70" type="stmt" count="12"/>
        <line num="71" type="stmt" count="12"/>
        <line num="72" type="stmt" count="12"/>
        <line num="73" type="stmt" count="12"/>
        <line num="74" type="stmt" count="12"/>
        <line num="75" type="stmt" count="12"/>
        <line num="76" type="stmt" count="12"/>
        <line num="77" type="stmt" count="12"/>
        <line num="79" type="stmt" count="12"/>
        <line num="80" type="stmt" count="12"/>
        <line num="81" type="stmt" count="12"/>
        <line num="82" type="stmt" count="12"/>
        <line num="83" type="stmt" count="12"/>
        <line num="85" type="stmt" count="12"/>
        <line num="86" type="stmt" count="12"/>
        <line num="87" type="stmt" count="12"/>
        <line num="88" type="stmt" count="12"/>
        <line num="90" type="stmt" count="12"/>
        <line num="91" type="stmt" count="12"/>
        <line num="92" type="stmt" count="12"/>
        <line num="93" type="stmt" count="12"/>
        <line num="94" type="stmt" count="12"/>
        <line num="95" type="stmt" count="12"/>
        <line num="96" type="stmt" count="12"/>
        <line num="97" type="stmt" count="12"/>
        <line num="98" type="stmt" count="12"/>
        <line num="99" type="stmt" count="12"/>
        <line num="102" type="method" name="handle" visibility="public" complexity="12" crap="12.02" count="20"/>
        <line num="104" type="stmt" count="20"/>
        <line num="105" type="stmt" count="20"/>
        <line num="106" type="stmt" count="20"/>
        <line num="107" type="stmt" count="20"/>
        <line num="110" type="stmt" count="20"/>
        <line num="111" type="stmt" count="1"/>
        <line num="113" type="stmt" count="20"/>
        <line num="114" type="stmt" count="20"/>
        <line num="115" type="stmt" count="20"/>
        <line num="116" type="stmt" count="20"/>
        <line num="119" type="stmt" count="20"/>
        <line num="120" type="stmt" count="20"/>
        <line num="121" type="stmt" count="3"/>
        <line num="124" type="stmt" count="20"/>
        <line num="125" type="stmt" count="20"/>
        <line num="127" type="stmt" count="20"/>
        <line num="128" type="stmt" count="0"/>
        <line num="131" type="stmt" count="20"/>
        <line num="133" type="stmt" count="20"/>
        <line num="134" type="stmt" count="11"/>
        <line num="135" type="stmt" count="6"/>
        <line num="136" type="stmt" count="1"/>
        <line num="137" type="stmt" count="1"/>
        <line num="138" type="stmt" count="1"/>
        <line num="139" type="stmt" count="0"/>
        <line num="140" type="stmt" count="20"/>
        <line num="142" type="stmt" count="20"/>
        <line num="143" type="stmt" count="20"/>
        <line num="144" type="stmt" count="20"/>
        <line num="145" type="stmt" count="20"/>
        <line num="146" type="stmt" count="20"/>
        <line num="147" type="stmt" count="20"/>
        <line num="149" type="stmt" count="20"/>
        <line num="151" type="stmt" count="20"/>
        <line num="152" type="stmt" count="18"/>
        <line num="154" type="stmt" count="2"/>
        <line num="157" type="stmt" count="20"/>
        <line num="160" type="method" name="sendWithBody" visibility="private" complexity="4" crap="4.13" count="8"/>
        <line num="162" type="stmt" count="8"/>
        <line num="163" type="stmt" count="1"/>
        <line num="164" type="stmt" count="0"/>
        <line num="165" type="stmt" count="8"/>
        <line num="166" type="stmt" count="8"/>
        <metrics loc="169" ncloc="167" classes="1" methods="7" coveredmethods="5" conditionals="0" coveredconditionals="0" statements="99" coveredstatements="96" elements="106" coveredelements="101"/>
      </file>
      <file name="/var/www/html/src/BuiltIn/Actions/CreateModel.php">
        <class name="Grazulex\AutoBuilder\BuiltIn\Actions\CreateModel" namespace="Grazulex\AutoBuilder\BuiltIn\Actions">
          <metrics complexity="12" methods="7" coveredmethods="7" conditionals="0" coveredconditionals="0" statements="40" coveredstatements="40" elements="47" coveredelements="47"/>
        </class>
        <line num="15" type="method" name="name" visibility="public" complexity="1" crap="1" count="3"/>
        <line num="17" type="stmt" count="3"/>
        <line num="20" type="method" name="description" visibility="public" complexity="1" crap="1" count="3"/>
        <line num="22" type="stmt" count="3"/>
        <line num="25" type="method" name="icon" visibility="public" complexity="1" crap="1" count="3"/>
        <line num="27" type="stmt" count="3"/>
        <line num="30" type="method" name="category" visibility="public" complexity="1" crap="1" count="3"/>
        <line num="32" type="stmt" count="3"/>
        <line num="35" type="method" name="fields" visibility="public" complexity="1" crap="1" count="6"/>
        <line num="37" type="stmt" count="6"/>
        <line num="38" type="stmt" count="6"/>
        <line num="39" type="stmt" count="6"/>
        <line num="40" type="stmt" count="6"/>
        <line num="41" type="stmt" count="6"/>
        <line num="43" type="stmt" count="6"/>
        <line num="44" type="stmt" count="6"/>
        <line num="45" type="stmt" count="6"/>
        <line num="46" type="stmt" count="6"/>
        <line num="47" type="stmt" count="6"/>
        <line num="49" type="stmt" count="6"/>
        <line num="50" type="stmt" count="6"/>
        <line num="51" type="stmt" count="6"/>
        <line num="52" type="stmt" count="6"/>
        <line num="53" type="stmt" count="6"/>
        <line num="56" type="method" name="handle" visibility="public" complexity="4" crap="4" count="14"/>
        <line num="58" type="stmt" count="14"/>
        <line num="59" type="stmt" count="14"/>
        <line num="60" type="stmt" count="14"/>
        <line num="63" type="stmt" count="14"/>
        <line num="64" type="stmt" count="1"/>
        <line num="67" type="stmt" count="14"/>
        <line num="68" type="stmt" count="2"/>
        <line num="70" type="stmt" count="2"/>
        <line num="74" type="stmt" count="11"/>
        <line num="75" type="stmt" count="11"/>
        <line num="76" type="stmt" count="11"/>
        <line num="79" type="stmt" count="11"/>
        <line num="81" type="stmt" count="11"/>
        <line num="82" type="stmt" count="11"/>
        <line num="84" type="stmt" count="11"/>
        <line num="86" type="stmt" count="11"/>
        <line num="89" type="method" name="rollback" visibility="public" complexity="3" crap="3" count="2"/>
        <line num="91" type="stmt" count="2"/>
        <line num="92" type="stmt" count="2"/>
        <line num="94" type="stmt" count="2"/>
        <line num="95" type="stmt" count="2"/>
        <line num="96" type="stmt" count="2"/>
        <metrics loc="100" ncloc="98" classes="1" methods="7" coveredmethods="7" conditionals="0" coveredconditionals="0" statements="40" coveredstatements="40" elements="47" coveredelements="47"/>
      </file>
      <file name="/var/www/html/src/BuiltIn/Actions/Delay.php">
        <class name="Grazulex\AutoBuilder\BuiltIn\Actions\Delay" namespace="Grazulex\AutoBuilder\BuiltIn\Actions">
          <metrics complexity="11" methods="6" coveredmethods="5" conditionals="0" coveredconditionals="0" statements="60" coveredstatements="56" elements="66" coveredelements="61"/>
        </class>
        <line num="20" type="method" name="name" visibility="public" complexity="1" crap="1" count="3"/>
        <line num="22" type="stmt" count="3"/>
        <line num="25" type="method" name="description" visibility="public" complexity="1" crap="1" count="3"/>
        <line num="27" type="stmt" count="3"/>
        <line num="30" type="method" name="icon" visibility="public" complexity="1" crap="1" count="3"/>
        <line num="32" type="stmt" count="3"/>
        <line num="35" type="method" name="category" visibility="public" complexity="1" crap="1" count="3"/>
        <line num="37" type="stmt" count="3"/>
        <line num="40" type="method" name="fields" visibility="public" complexity="1" crap="1" count="10"/>
        <line num="42" type="stmt" count="10"/>
        <line num="43" type="stmt" count="10"/>
        <line num="44" type="stmt" count="10"/>
        <line num="45" type="stmt" count="10"/>
        <line num="46" type="stmt" count="10"/>
        <line num="47" type="stmt" count="10"/>
        <line num="48" type="stmt" count="10"/>
        <line num="50" type="stmt" count="10"/>
        <line num="51" type="stmt" count="10"/>
        <line num="52" type="stmt" count="10"/>
        <line num="53" type="stmt" count="10"/>
        <line num="54" type="stmt" count="10"/>
        <line num="55" type="stmt" count="10"/>
        <line num="56" type="stmt" count="10"/>
        <line num="57" type="stmt" count="10"/>
        <line num="58" type="stmt" count="10"/>
        <line num="60" type="stmt" count="10"/>
        <line num="61" type="stmt" count="10"/>
        <line num="62" type="stmt" count="10"/>
        <line num="63" type="stmt" count="10"/>
        <line num="64" type="stmt" count="10"/>
        <line num="65" type="stmt" count="10"/>
        <line num="66" type="stmt" count="10"/>
        <line num="67" type="stmt" count="10"/>
        <line num="69" type="stmt" count="10"/>
        <line num="70" type="stmt" count="10"/>
        <line num="71" type="stmt" count="10"/>
        <line num="72" type="stmt" count="10"/>
        <line num="73" type="stmt" count="10"/>
        <line num="74" type="stmt" count="10"/>
        <line num="75" type="stmt" count="10"/>
        <line num="78" type="method" name="handle" visibility="public" complexity="6" crap="6.15" count="8"/>
        <line num="80" type="stmt" count="8"/>
        <line num="81" type="stmt" count="8"/>
        <line num="82" type="stmt" count="8"/>
        <line num="83" type="stmt" count="8"/>
        <line num="86" type="stmt" count="8"/>
        <line num="87" type="stmt" count="1"/>
        <line num="88" type="stmt" count="1"/>
        <line num="89" type="stmt" count="6"/>
        <line num="90" type="stmt" count="8"/>
        <line num="92" type="stmt" count="8"/>
        <line num="94" type="stmt" count="8"/>
        <line num="96" type="stmt" count="8"/>
        <line num="98" type="stmt" count="8"/>
        <line num="99" type="stmt" count="5"/>
        <line num="103" type="stmt" count="8"/>
        <line num="104" type="stmt" count="8"/>
        <line num="105" type="stmt" count="8"/>
        <line num="108" type="stmt" count="8"/>
        <line num="110" type="stmt" count="8"/>
        <line num="111" type="stmt" count="8"/>
        <line num="114" type="stmt" count="0"/>
        <line num="115" type="stmt" count="0"/>
        <line num="118" type="stmt" count="0"/>
        <line num="120" type="stmt" count="0"/>
        <line num="123" type="stmt" count="8"/>
        <metrics loc="126" ncloc="114" classes="1" methods="6" coveredmethods="5" conditionals="0" coveredconditionals="0" statements="60" coveredstatements="56" elements="66" coveredelements="61"/>
      </file>
      <file name="/var/www/html/src/BuiltIn/Actions/DeleteModel.php">
        <class name="Grazulex\AutoBuilder\BuiltIn\Actions\DeleteModel" namespace="Grazulex\AutoBuilder\BuiltIn\Actions">
          <metrics complexity="20" methods="7" coveredmethods="6" conditionals="0" coveredconditionals="0" statements="57" coveredstatements="52" elements="64" coveredelements="58"/>
        </class>
        <line num="15" type="method" name="name" visibility="public" complexity="1" crap="1" count="3"/>
        <line num="17" type="stmt" count="3"/>
        <line num="20" type="method" name="description" visibility="public" complexity="1" crap="1" count="3"/>
        <line num="22" type="stmt" count="3"/>
        <line num="25" type="method" name="icon" visibility="public" complexity="1" crap="1" count="3"/>
        <line num="27" type="stmt" count="3"/>
        <line num="30" type="method" name="category" visibility="public" complexity="1" crap="1" count="3"/>
        <line num="32" type="stmt" count="3"/>
        <line num="35" type="method" name="fields" visibility="public" complexity="1" crap="1" count="5"/>
        <line num="37" type="stmt" count="5"/>
        <line num="38" type="stmt" count="5"/>
        <line num="39" type="stmt" count="5"/>
        <line num="40" type="stmt" count="5"/>
        <line num="41" type="stmt" count="5"/>
        <line num="42" type="stmt" count="5"/>
        <line num="44" type="stmt" count="5"/>
        <line num="45" type="stmt" count="5"/>
        <line num="46" type="stmt" count="5"/>
        <line num="47" type="stmt" count="5"/>
        <line num="49" type="stmt" count="5"/>
        <line num="50" type="stmt" count="5"/>
        <line num="51" type="stmt" count="5"/>
        <line num="52" type="stmt" count="5"/>
        <line num="53" type="stmt" count="5"/>
        <line num="56" type="method" name="handle" visibility="public" complexity="10" crap="10" count="14"/>
        <line num="58" type="stmt" count="14"/>
        <line num="59" type="stmt" count="14"/>
        <line num="60" type="stmt" count="14"/>
        <line num="62" type="stmt" count="14"/>
        <line num="65" type="stmt" count="14"/>
        <line num="66" type="stmt" count="14"/>
        <line num="67" type="stmt" count="9"/>
        <line num="68" type="stmt" count="5"/>
        <line num="69" type="stmt" count="3"/>
        <line num="70" type="stmt" count="2"/>
        <line num="71" type="stmt" count="1"/>
        <line num="72" type="stmt" count="1"/>
        <line num="76" type="stmt" count="14"/>
        <line num="77" type="stmt" count="3"/>
        <line num="79" type="stmt" count="3"/>
        <line num="83" type="stmt" count="11"/>
        <line num="84" type="stmt" count="11"/>
        <line num="85" type="stmt" count="11"/>
        <line num="86" type="stmt" count="11"/>
        <line num="88" type="stmt" count="11"/>
        <line num="89" type="stmt" count="2"/>
        <line num="90" type="stmt" count="2"/>
        <line num="92" type="stmt" count="9"/>
        <line num="93" type="stmt" count="9"/>
        <line num="96" type="stmt" count="11"/>
        <line num="99" type="method" name="rollback" visibility="public" complexity="5" crap="6.42" count="3"/>
        <line num="101" type="stmt" count="3"/>
        <line num="103" type="stmt" count="3"/>
        <line num="104" type="stmt" count="1"/>
        <line num="107" type="stmt" count="2"/>
        <line num="108" type="stmt" count="2"/>
        <line num="111" type="stmt" count="2"/>
        <line num="112" type="stmt" count="0"/>
        <line num="113" type="stmt" count="0"/>
        <line num="114" type="stmt" count="0"/>
        <line num="115" type="stmt" count="0"/>
        <line num="117" type="stmt" count="0"/>
        <line num="122" type="stmt" count="2"/>
        <line num="123" type="stmt" count="2"/>
        <metrics loc="126" ncloc="122" classes="1" methods="7" coveredmethods="6" conditionals="0" coveredconditionals="0" statements="57" coveredstatements="52" elements="64" coveredelements="58"/>
      </file>
      <file name="/var/www/html/src/BuiltIn/Actions/DispatchEvent.php">
        <class name="Grazulex\AutoBuilder\BuiltIn\Actions\DispatchEvent" namespace="Grazulex\AutoBuilder\BuiltIn\Actions">
          <metrics complexity="9" methods="6" coveredmethods="5" conditionals="0" coveredconditionals="0" statements="34" coveredstatements="20" elements="40" coveredelements="25"/>
        </class>
        <line num="14" type="method" name="name" visibility="public" complexity="1" crap="1" count="2"/>
        <line num="16" type="stmt" count="2"/>
        <line num="19" type="method" name="description" visibility="public" complexity="1" crap="1" count="2"/>
        <line num="21" type="stmt" count="2"/>
        <line num="24" type="method" name="icon" visibility="public" complexity="1" crap="1" count="2"/>
        <line num="26" type="stmt" count="2"/>
        <line num="29" type="method" name="category" visibility="public" complexity="1" crap="1" count="2"/>
        <line num="31" type="stmt" count="2"/>
        <line num="34" type="method" name="fields" visibility="public" complexity="1" crap="1" count="2"/>
        <line num="36" type="stmt" count="2"/>
        <line num="37" type="stmt" count="2"/>
        <line num="38" type="stmt" count="2"/>
        <line num="39" type="stmt" count="2"/>
        <line num="40" type="stmt" count="2"/>
        <line num="41" type="stmt" count="2"/>
        <line num="43" type="stmt" count="2"/>
        <line num="44" type="stmt" count="2"/>
        <line num="45" type="stmt" count="2"/>
        <line num="46" type="stmt" count="2"/>
        <line num="47" type="stmt" count="2"/>
        <line num="49" type="stmt" count="2"/>
        <line num="50" type="stmt" count="2"/>
        <line num="51" type="stmt" count="2"/>
        <line num="52" type="stmt" count="2"/>
        <line num="53" type="stmt" count="2"/>
        <line num="56" type="method" name="handle" visibility="public" complexity="4" crap="20" count="0"/>
        <line num="58" type="stmt" count="0"/>
        <line num="59" type="stmt" count="0"/>
        <line num="60" type="stmt" count="0"/>
        <line num="62" type="stmt" count="0"/>
        <line num="63" type="stmt" count="0"/>
        <line num="65" type="stmt" count="0"/>
        <line num="68" type="stmt" count="0"/>
        <line num="69" type="stmt" count="0"/>
        <line num="71" type="stmt" count="0"/>
        <line num="73" type="stmt" count="0"/>
        <line num="75" type="stmt" count="0"/>
        <line num="76" type="stmt" count="0"/>
        <line num="79" type="stmt" count="0"/>
        <line num="81" type="stmt" count="0"/>
        <metrics loc="84" ncloc="84" classes="1" methods="6" coveredmethods="5" conditionals="0" coveredconditionals="0" statements="34" coveredstatements="20" elements="40" coveredelements="25"/>
      </file>
      <file name="/var/www/html/src/BuiltIn/Actions/DispatchJob.php">
        <class name="Grazulex\AutoBuilder\BuiltIn\Actions\DispatchJob" namespace="Grazulex\AutoBuilder\BuiltIn\Actions">
          <metrics complexity="12" methods="6" coveredmethods="5" conditionals="0" coveredconditionals="0" statements="55" coveredstatements="30" elements="61" coveredelements="35"/>
        </class>
        <line num="15" type="method" name="name" visibility="public" complexity="1" crap="1" count="2"/>
        <line num="17" type="stmt" count="2"/>
        <line num="20" type="method" name="description" visibility="public" complexity="1" crap="1" count="2"/>
        <line num="22" type="stmt" count="2"/>
        <line num="25" type="method" name="icon" visibility="public" complexity="1" crap="1" count="2"/>
        <line num="27" type="stmt" count="2"/>
        <line num="30" type="method" name="category" visibility="public" complexity="1" crap="1" count="2"/>
        <line num="32" type="stmt" count="2"/>
        <line num="35" type="method" name="fields" visibility="public" complexity="1" crap="1" count="2"/>
        <line num="37" type="stmt" count="2"/>
        <line num="38" type="stmt" count="2"/>
        <line num="39" type="stmt" count="2"/>
        <line num="40" type="stmt" count="2"/>
        <line num="41" type="stmt" count="2"/>
        <line num="42" type="stmt" count="2"/>
        <line num="44" type="stmt" count="2"/>
        <line num="45" type="stmt" count="2"/>
        <line num="46" type="stmt" count="2"/>
        <line num="47" type="stmt" count="2"/>
        <line num="48" type="stmt" count="2"/>
        <line num="50" type="stmt" count="2"/>
        <line num="51" type="stmt" count="2"/>
        <line num="52" type="stmt" count="2"/>
        <line num="54" type="stmt" count="2"/>
        <line num="55" type="stmt" count="2"/>
        <line num="56" type="stmt" count="2"/>
        <line num="58" type="stmt" count="2"/>
        <line num="59" type="stmt" count="2"/>
        <line num="60" type="stmt" count="2"/>
        <line num="61" type="stmt" count="2"/>
        <line num="63" type="stmt" count="2"/>
        <line num="64" type="stmt" count="2"/>
        <line num="65" type="stmt" count="2"/>
        <line num="66" type="stmt" count="2"/>
        <line num="67" type="stmt" count="2"/>
        <line num="70" type="method" name="handle" visibility="public" complexity="7" crap="56" count="0"/>
        <line num="72" type="stmt" count="0"/>
        <line num="73" type="stmt" count="0"/>
        <line num="74" type="stmt" count="0"/>
        <line num="75" type="stmt" count="0"/>
        <line num="76" type="stmt" count="0"/>
        <line num="77" type="stmt" count="0"/>
        <line num="79" type="stmt" count="0"/>
        <line num="80" type="stmt" count="0"/>
        <line num="82" type="stmt" count="0"/>
        <line num="85" type="stmt" count="0"/>
        <line num="86" type="stmt" count="0"/>
        <line num="88" type="stmt" count="0"/>
        <line num="90" type="stmt" count="0"/>
        <line num="91" type="stmt" count="0"/>
        <line num="94" type="stmt" count="0"/>
        <line num="95" type="stmt" count="0"/>
        <line num="98" type="stmt" count="0"/>
        <line num="99" type="stmt" count="0"/>
        <line num="100" type="stmt" count="0"/>
        <line num="101" type="stmt" count="0"/>
        <line num="102" type="stmt" count="0"/>
        <line num="103" type="stmt" count="0"/>
        <line num="105" type="stmt" count="0"/>
        <line num="106" type="stmt" count="0"/>
        <line num="109" type="stmt" count="0"/>
        <metrics loc="112" ncloc="112" classes="1" methods="6" coveredmethods="5" conditionals="0" coveredconditionals="0" statements="55" coveredstatements="30" elements="61" coveredelements="35"/>
      </file>
      <file name="/var/www/html/src/BuiltIn/Actions/ExecuteCode.php">
        <class name="Grazulex\AutoBuilder\BuiltIn\Actions\ExecuteCode" namespace="Grazulex\AutoBuilder\BuiltIn\Actions">
          <metrics complexity="12" methods="6" coveredmethods="5" conditionals="0" coveredconditionals="0" statements="42" coveredstatements="40" elements="48" coveredelements="45"/>
        </class>
        <line num="14" type="method" name="name" visibility="public" complexity="1" crap="1" count="3"/>
        <line num="16" type="stmt" count="3"/>
        <line num="19" type="method" name="description" visibility="public" complexity="1" crap="1" count="2"/>
        <line num="21" type="stmt" count="2"/>
        <line num="24" type="method" name="icon" visibility="public" complexity="1" crap="1" count="3"/>
        <line num="26" type="stmt" count="3"/>
        <line num="29" type="method" name="category" visibility="public" complexity="1" crap="1" count="3"/>
        <line num="31" type="stmt" count="3"/>
        <line num="34" type="method" name="fields" visibility="public" complexity="1" crap="1" count="3"/>
        <line num="36" type="stmt" count="3"/>
        <line num="37" type="stmt" count="3"/>
        <line num="38" type="stmt" count="3"/>
        <line num="39" type="stmt" count="3"/>
        <line num="40" type="stmt" count="3"/>
        <line num="41" type="stmt" count="3"/>
        <line num="42" type="stmt" count="3"/>
        <line num="43" type="stmt" count="3"/>
        <line num="45" type="stmt" count="3"/>
        <line num="46" type="stmt" count="3"/>
        <line num="47" type="stmt" count="3"/>
        <line num="48" type="stmt" count="3"/>
        <line num="50" type="stmt" count="3"/>
        <line num="51" type="stmt" count="3"/>
        <line num="52" type="stmt" count="3"/>
        <line num="53" type="stmt" count="3"/>
        <line num="54" type="stmt" count="3"/>
        <line num="57" type="method" name="handle" visibility="public" complexity="7" crap="7.04" count="16"/>
        <line num="60" type="stmt" count="16"/>
        <line num="61" type="stmt" count="1"/>
        <line num="63" type="stmt" count="1"/>
        <line num="66" type="stmt" count="15"/>
        <line num="67" type="stmt" count="15"/>
        <line num="69" type="stmt" count="15"/>
        <line num="70" type="stmt" count="2"/>
        <line num="73" type="stmt" count="13"/>
        <line num="76" type="stmt" count="13"/>
        <line num="78" type="stmt" count="12"/>
        <line num="79" type="stmt" count="0"/>
        <line num="81" type="stmt" count="0"/>
        <line num="84" type="stmt" count="12"/>
        <line num="87" type="stmt" count="9"/>
        <line num="88" type="stmt" count="1"/>
        <line num="89" type="stmt" count="1"/>
        <line num="93" type="stmt" count="9"/>
        <line num="95" type="stmt" count="9"/>
        <line num="96" type="stmt" count="4"/>
        <line num="97" type="stmt" count="4"/>
        <line num="100" type="stmt" count="13"/>
        <metrics loc="103" ncloc="101" classes="1" methods="6" coveredmethods="5" conditionals="0" coveredconditionals="0" statements="42" coveredstatements="40" elements="48" coveredelements="45"/>
      </file>
      <file name="/var/www/html/src/BuiltIn/Actions/LogMessage.php">
        <class name="Grazulex\AutoBuilder\BuiltIn\Actions\LogMessage" namespace="Grazulex\AutoBuilder\BuiltIn\Actions">
          <metrics complexity="10" methods="6" coveredmethods="5" conditionals="0" coveredconditionals="0" statements="50" coveredstatements="48" elements="56" coveredelements="53"/>
        </class>
        <line num="17" type="method" name="name" visibility="public" complexity="1" crap="1" count="4"/>
        <line num="19" type="stmt" count="4"/>
        <line num="22" type="method" name="description" visibility="public" complexity="1" crap="1" count="2"/>
        <line num="24" type="stmt" count="2"/>
        <line num="27" type="method" name="icon" visibility="public" complexity="1" crap="1" count="3"/>
        <line num="29" type="stmt" count="3"/>
        <line num="32" type="method" name="category" visibility="public" complexity="1" crap="1" count="3"/>
        <line num="34" type="stmt" count="3"/>
        <line num="37" type="method" name="fields" visibility="public" complexity="1" crap="1" count="3"/>
        <line num="39" type="stmt" count="3"/>
        <line num="40" type="stmt" count="3"/>
        <line num="41" type="stmt" count="3"/>
        <line num="42" type="stmt" count="3"/>
        <line num="43" type="stmt" count="3"/>
        <line num="44" type="stmt" count="3"/>
        <line num="46" type="stmt" count="3"/>
        <line num="47" type="stmt" count="3"/>
        <line num="48" type="stmt" count="3"/>
        <line num="49" type="stmt" count="3"/>
        <line num="50" type="stmt" count="3"/>
        <line num="51" type="stmt" count="3"/>
        <line num="52" type="stmt" count="3"/>
        <line num="53" type="stmt" count="3"/>
        <line num="54" type="stmt" count="3"/>
        <line num="55" type="stmt" count="3"/>
        <line num="56" type="stmt" count="3"/>
        <line num="58" type="stmt" count="3"/>
        <line num="59" type="stmt" count="3"/>
        <line num="60" type="stmt" count="3"/>
        <line num="62" type="stmt" count="3"/>
        <line num="63" type="stmt" count="3"/>
        <line num="64" type="stmt" count="3"/>
        <line num="65" type="stmt" count="3"/>
        <line num="67" type="stmt" count="3"/>
        <line num="68" type="stmt" count="3"/>
        <line num="69" type="stmt" count="3"/>
        <line num="70" type="stmt" count="3"/>
        <line num="72" type="stmt" count="3"/>
        <line num="73" type="stmt" count="3"/>
        <line num="74" type="stmt" count="3"/>
        <line num="75" type="stmt" count="3"/>
        <line num="76" type="stmt" count="3"/>
        <line num="79" type="method" name="handle" visibility="public" complexity="5" crap="5.09" count="3"/>
        <line num="81" type="stmt" count="3"/>
        <line num="82" type="stmt" count="3"/>
        <line num="83" type="stmt" count="3"/>
        <line num="84" type="stmt" count="3"/>
        <line num="85" type="stmt" count="3"/>
        <line num="86" type="stmt" count="3"/>
        <line num="88" type="stmt" count="3"/>
        <line num="90" type="stmt" count="3"/>
        <line num="91" type="stmt" count="0"/>
        <line num="92" type="stmt" count="0"/>
        <line num="95" type="stmt" count="3"/>
        <line num="96" type="stmt" count="3"/>
        <line num="99" type="stmt" count="3"/>
        <metrics loc="102" ncloc="102" classes="1" methods="6" coveredmethods="5" conditionals="0" coveredconditionals="0" statements="50" coveredstatements="48" elements="56" coveredelements="53"/>
      </file>
      <file name="/var/www/html/src/BuiltIn/Actions/LoopEach.php">
        <class name="Grazulex\AutoBuilder\BuiltIn\Actions\LoopEach" namespace="Grazulex\AutoBuilder\BuiltIn\Actions">
          <metrics complexity="23" methods="7" coveredmethods="5" conditionals="0" coveredconditionals="0" statements="135" coveredstatements="55" elements="142" coveredelements="60"/>
        </class>
        <line num="24" type="method" name="name" visibility="public" complexity="1" crap="1" count="2"/>
        <line num="26" type="stmt" count="2"/>
        <line num="29" type="method" name="description" visibility="public" complexity="1" crap="1" count="2"/>
        <line num="31" type="stmt" count="2"/>
        <line num="34" type="method" name="icon" visibility="public" complexity="1" crap="1" count="2"/>
        <line num="36" type="stmt" count="2"/>
        <line num="39" type="method" name="category" visibility="public" complexity="1" crap="1" count="2"/>
        <line num="41" type="stmt" count="2"/>
        <line num="44" type="method" name="fields" visibility="public" complexity="1" crap="1" count="2"/>
        <line num="46" type="stmt" count="2"/>
        <line num="47" type="stmt" count="2"/>
        <line num="48" type="stmt" count="2"/>
        <line num="49" type="stmt" count="2"/>
        <line num="50" type="stmt" count="2"/>
        <line num="51" type="stmt" count="2"/>
        <line num="52" type="stmt" count="2"/>
        <line num="54" type="stmt" count="2"/>
        <line num="55" type="stmt" count="2"/>
        <line num="56" type="stmt" count="2"/>
        <line num="57" type="stmt" count="2"/>
        <line num="58" type="stmt" count="2"/>
        <line num="60" type="stmt" count="2"/>
        <line num="61" type="stmt" count="2"/>
        <line num="62" type="stmt" count="2"/>
        <line num="63" type="stmt" count="2"/>
        <line num="64" type="stmt" count="2"/>
        <line num="66" type="stmt" count="2"/>
        <line num="67" type="stmt" count="2"/>
        <line num="68" type="stmt" count="2"/>
        <line num="69" type="stmt" count="2"/>
        <line num="71" type="stmt" count="2"/>
        <line num="72" type="stmt" count="2"/>
        <line num="73" type="stmt" count="2"/>
        <line num="74" type="stmt" count="2"/>
        <line num="76" type="stmt" count="2"/>
        <line num="77" type="stmt" count="2"/>
        <line num="78" type="stmt" count="2"/>
        <line num="79" type="stmt" count="2"/>
        <line num="81" type="stmt" count="2"/>
        <line num="82" type="stmt" count="2"/>
        <line num="83" type="stmt" count="2"/>
        <line num="84" type="stmt" count="2"/>
        <line num="86" type="stmt" count="2"/>
        <line num="87" type="stmt" count="2"/>
        <line num="88" type="stmt" count="2"/>
        <line num="89" type="stmt" count="2"/>
        <line num="91" type="stmt" count="2"/>
        <line num="92" type="stmt" count="2"/>
        <line num="93" type="stmt" count="2"/>
        <line num="94" type="stmt" count="2"/>
        <line num="95" type="stmt" count="2"/>
        <line num="97" type="stmt" count="2"/>
        <line num="98" type="stmt" count="2"/>
        <line num="99" type="stmt" count="2"/>
        <line num="100" type="stmt" count="2"/>
        <line num="101" type="stmt" count="2"/>
        <line num="102" type="stmt" count="2"/>
        <line num="105" type="method" name="handle" visibility="public" complexity="16" crap="272" count="0"/>
        <line num="107" type="stmt" count="0"/>
        <line num="108" type="stmt" count="0"/>
        <line num="109" type="stmt" count="0"/>
        <line num="110" type="stmt" count="0"/>
        <line num="111" type="stmt" count="0"/>
        <line num="112" type="stmt" count="0"/>
        <line num="113" type="stmt" count="0"/>
        <line num="114" type="stmt" count="0"/>
        <line num="115" type="stmt" count="0"/>
        <line num="116" type="stmt" count="0"/>
        <line num="119" type="stmt" count="0"/>
        <line num="121" type="stmt" count="0"/>
        <line num="122" type="stmt" count="0"/>
        <line num="123" type="stmt" count="0"/>
        <line num="124" type="stmt" count="0"/>
        <line num="126" type="stmt" count="0"/>
        <line num="129" type="stmt" count="0"/>
        <line num="130" type="stmt" count="0"/>
        <line num="133" type="stmt" count="0"/>
        <line num="134" type="stmt" count="0"/>
        <line num="135" type="stmt" count="0"/>
        <line num="136" type="stmt" count="0"/>
        <line num="140" type="stmt" count="0"/>
        <line num="142" type="stmt" count="0"/>
        <line num="143" type="stmt" count="0"/>
        <line num="144" type="stmt" count="0"/>
        <line num="147" type="stmt" count="0"/>
        <line num="149" type="stmt" count="0"/>
        <line num="150" type="stmt" count="0"/>
        <line num="151" type="stmt" count="0"/>
        <line num="152" type="stmt" count="0"/>
        <line num="154" type="stmt" count="0"/>
        <line num="156" type="stmt" count="0"/>
        <line num="158" type="stmt" count="0"/>
        <line num="159" type="stmt" count="0"/>
        <line num="162" type="stmt" count="0"/>
        <line num="163" type="stmt" count="0"/>
        <line num="164" type="stmt" count="0"/>
        <line num="165" type="stmt" count="0"/>
        <line num="166" type="stmt" count="0"/>
        <line num="170" type="stmt" count="0"/>
        <line num="172" type="stmt" count="0"/>
        <line num="173" type="stmt" count="0"/>
        <line num="174" type="stmt" count="0"/>
        <line num="175" type="stmt" count="0"/>
        <line num="176" type="stmt" count="0"/>
        <line num="177" type="stmt" count="0"/>
        <line num="178" type="stmt" count="0"/>
        <line num="179" type="stmt" count="0"/>
        <line num="182" type="stmt" count="0"/>
        <line num="183" type="stmt" count="0"/>
        <line num="184" type="stmt" count="0"/>
        <line num="185" type="stmt" count="0"/>
        <line num="186" type="stmt" count="0"/>
        <line num="187" type="stmt" count="0"/>
        <line num="188" type="stmt" count="0"/>
        <line num="191" type="stmt" count="0"/>
        <line num="192" type="stmt" count="0"/>
        <line num="193" type="stmt" count="0"/>
        <line num="196" type="stmt" count="0"/>
        <line num="197" type="stmt" count="0"/>
        <line num="198" type="stmt" count="0"/>
        <line num="199" type="stmt" count="0"/>
        <line num="200" type="stmt" count="0"/>
        <line num="201" type="stmt" count="0"/>
        <line num="202" type="stmt" count="0"/>
        <line num="203" type="stmt" count="0"/>
        <line num="206" type="stmt" count="0"/>
        <line num="207" type="stmt" count="0"/>
        <line num="208" type="stmt" count="0"/>
        <line num="213" type="stmt" count="0"/>
        <line num="214" type="stmt" count="0"/>
        <line num="219" type="stmt" count="0"/>
        <line num="220" type="stmt" count="0"/>
        <line num="221" type="stmt" count="0"/>
        <line num="222" type="stmt" count="0"/>
        <line num="224" type="stmt" count="0"/>
        <line num="226" type="stmt" count="0"/>
        <line num="229" type="method" name="getAvailableFlows" visibility="private" complexity="2" crap="2.26" count="2"/>
        <line num="232" type="stmt" count="2"/>
        <line num="233" type="stmt" count="2"/>
        <line num="234" type="stmt" count="2"/>
        <line num="235" type="stmt" count="0"/>
        <line num="236" type="stmt" count="0"/>
        <metrics loc="240" ncloc="228" classes="1" methods="7" coveredmethods="5" conditionals="0" coveredconditionals="0" statements="135" coveredstatements="55" elements="142" coveredelements="60"/>
      </file>
      <file name="/var/www/html/src/BuiltIn/Actions/SendMail.php">
        <class name="Grazulex\AutoBuilder\BuiltIn\Actions\SendMail" namespace="Grazulex\AutoBuilder\BuiltIn\Actions">
          <metrics complexity="15" methods="6" coveredmethods="5" conditionals="0" coveredconditionals="0" statements="82" coveredstatements="49" elements="88" coveredelements="54"/>
        </class>
        <line num="16" type="method" name="name" visibility="public" complexity="1" crap="1" count="2"/>
        <line num="18" type="stmt" count="2"/>
        <line num="21" type="method" name="description" visibility="public" complexity="1" crap="1" count="2"/>
        <line num="23" type="stmt" count="2"/>
        <line num="26" type="method" name="icon" visibility="public" complexity="1" crap="1" count="2"/>
        <line num="28" type="stmt" count="2"/>
        <line num="31" type="method" name="category" visibility="public" complexity="1" crap="1" count="2"/>
        <line num="33" type="stmt" count="2"/>
        <line num="36" type="method" name="fields" visibility="public" complexity="1" crap="1" count="2"/>
        <line num="38" type="stmt" count="2"/>
        <line num="39" type="stmt" count="2"/>
        <line num="40" type="stmt" count="2"/>
        <line num="41" type="stmt" count="2"/>
        <line num="42" type="stmt" count="2"/>
        <line num="43" type="stmt" count="2"/>
        <line num="44" type="stmt" count="2"/>
        <line num="46" type="stmt" count="2"/>
        <line num="47" type="stmt" count="2"/>
        <line num="48" type="stmt" count="2"/>
        <line num="49" type="stmt" count="2"/>
        <line num="50" type="stmt" count="2"/>
        <line num="52" type="stmt" count="2"/>
        <line num="53" type="stmt" count="2"/>
        <line num="54" type="stmt" count="2"/>
        <line num="55" type="stmt" count="2"/>
        <line num="56" type="stmt" count="2"/>
        <line num="57" type="stmt" count="2"/>
        <line num="58" type="stmt" count="2"/>
        <line num="59" type="stmt" count="2"/>
        <line num="60" type="stmt" count="2"/>
        <line num="62" type="stmt" count="2"/>
        <line num="63" type="stmt" count="2"/>
        <line num="64" type="stmt" count="2"/>
        <line num="65" type="stmt" count="2"/>
        <line num="66" type="stmt" count="2"/>
        <line num="68" type="stmt" count="2"/>
        <line num="69" type="stmt" count="2"/>
        <line num="70" type="stmt" count="2"/>
        <line num="71" type="stmt" count="2"/>
        <line num="73" type="stmt" count="2"/>
        <line num="74" type="stmt" count="2"/>
        <line num="75" type="stmt" count="2"/>
        <line num="77" type="stmt" count="2"/>
        <line num="78" type="stmt" count="2"/>
        <line num="79" type="stmt" count="2"/>
        <line num="81" type="stmt" count="2"/>
        <line num="82" type="stmt" count="2"/>
        <line num="83" type="stmt" count="2"/>
        <line num="84" type="stmt" count="2"/>
        <line num="86" type="stmt" count="2"/>
        <line num="87" type="stmt" count="2"/>
        <line num="88" type="stmt" count="2"/>
        <line num="89" type="stmt" count="2"/>
        <line num="90" type="stmt" count="2"/>
        <line num="93" type="method" name="handle" visibility="public" complexity="10" crap="110" count="0"/>
        <line num="95" type="stmt" count="0"/>
        <line num="96" type="stmt" count="0"/>
        <line num="97" type="stmt" count="0"/>
        <line num="98" type="stmt" count="0"/>
        <line num="99" type="stmt" count="0"/>
        <line num="100" type="stmt" count="0"/>
        <line num="101" type="stmt" count="0"/>
        <line num="102" type="stmt" count="0"/>
        <line num="104" type="stmt" count="0"/>
        <line num="105" type="stmt" count="0"/>
        <line num="106" type="stmt" count="0"/>
        <line num="107" type="stmt" count="0"/>
        <line num="108" type="stmt" count="0"/>
        <line num="109" type="stmt" count="0"/>
        <line num="111" type="stmt" count="0"/>
        <line num="113" type="stmt" count="0"/>
        <line num="115" type="stmt" count="0"/>
        <line num="118" type="stmt" count="0"/>
        <line num="119" type="stmt" count="0"/>
        <line num="121" type="stmt" count="0"/>
        <line num="122" type="stmt" count="0"/>
        <line num="125" type="stmt" count="0"/>
        <line num="126" type="stmt" count="0"/>
        <line num="129" type="stmt" count="0"/>
        <line num="130" type="stmt" count="0"/>
        <line num="133" type="stmt" count="0"/>
        <line num="134" type="stmt" count="0"/>
        <line num="135" type="stmt" count="0"/>
        <line num="136" type="stmt" count="0"/>
        <line num="137" type="stmt" count="0"/>
        <line num="138" type="stmt" count="0"/>
        <line num="140" type="stmt" count="0"/>
        <line num="142" type="stmt" count="0"/>
        <metrics loc="145" ncloc="145" classes="1" methods="6" coveredmethods="5" conditionals="0" coveredconditionals="0" statements="82" coveredstatements="49" elements="88" coveredelements="54"/>
      </file>
      <file name="/var/www/html/src/BuiltIn/Actions/SendNotification.php">
        <class name="Grazulex\AutoBuilder\BuiltIn\Actions\SendNotification" namespace="Grazulex\AutoBuilder\BuiltIn\Actions">
          <metrics complexity="10" methods="6" coveredmethods="5" conditionals="0" coveredconditionals="0" statements="51" coveredstatements="31" elements="57" coveredelements="36"/>
        </class>
        <line num="16" type="method" name="name" visibility="public" complexity="1" crap="1" count="2"/>
        <line num="18" type="stmt" count="2"/>
        <line num="21" type="method" name="description" visibility="public" complexity="1" crap="1" count="2"/>
        <line num="23" type="stmt" count="2"/>
        <line num="26" type="method" name="icon" visibility="public" complexity="1" crap="1" count="2"/>
        <line num="28" type="stmt" count="2"/>
        <line num="31" type="method" name="category" visibility="public" complexity="1" crap="1" count="2"/>
        <line num="33" type="stmt" count="2"/>
        <line num="36" type="method" name="fields" visibility="public" complexity="1" crap="1" count="2"/>
        <line num="38" type="stmt" count="2"/>
        <line num="39" type="stmt" count="2"/>
        <line num="40" type="stmt" count="2"/>
        <line num="41" type="stmt" count="2"/>
        <line num="42" type="stmt" count="2"/>
        <line num="43" type="stmt" count="2"/>
        <line num="45" type="stmt" count="2"/>
        <line num="46" type="stmt" count="2"/>
        <line num="47" type="stmt" count="2"/>
        <line num="48" type="stmt" count="2"/>
        <line num="49" type="stmt" count="2"/>
        <line num="51" type="stmt" count="2"/>
        <line num="52" type="stmt" count="2"/>
        <line num="53" type="stmt" count="2"/>
        <line num="54" type="stmt" count="2"/>
        <line num="55" type="stmt" count="2"/>
        <line num="56" type="stmt" count="2"/>
        <line num="57" type="stmt" count="2"/>
        <line num="58" type="stmt" count="2"/>
        <line num="59" type="stmt" count="2"/>
        <line num="60" type="stmt" count="2"/>
        <line num="62" type="stmt" count="2"/>
        <line num="63" type="stmt" count="2"/>
        <line num="64" type="stmt" count="2"/>
        <line num="65" type="stmt" count="2"/>
        <line num="66" type="stmt" count="2"/>
        <line num="67" type="stmt" count="2"/>
        <line num="70" type="method" name="handle" visibility="public" complexity="5" crap="30" count="0"/>
        <line num="72" type="stmt" count="0"/>
        <line num="73" type="stmt" count="0"/>
        <line num="74" type="stmt" count="0"/>
        <line num="75" type="stmt" count="0"/>
        <line num="77" type="stmt" count="0"/>
        <line num="79" type="stmt" count="0"/>
        <line num="80" type="stmt" count="0"/>
        <line num="82" type="stmt" count="0"/>
        <line num="85" type="stmt" count="0"/>
        <line num="86" type="stmt" count="0"/>
        <line num="88" type="stmt" count="0"/>
        <line num="91" type="stmt" count="0"/>
        <line num="92" type="stmt" count="0"/>
        <line num="94" type="stmt" count="0"/>
        <line num="96" type="stmt" count="0"/>
        <line num="98" type="stmt" count="0"/>
        <line num="101" type="stmt" count="0"/>
        <line num="102" type="stmt" count="0"/>
        <line num="105" type="stmt" count="0"/>
        <line num="107" type="stmt" count="0"/>
        <metrics loc="110" ncloc="108" classes="1" methods="6" coveredmethods="5" conditionals="0" coveredconditionals="0" statements="51" coveredstatements="31" elements="57" coveredelements="36"/>
      </file>
      <file name="/var/www/html/src/BuiltIn/Actions/SendSlackMessage.php">
        <class name="Grazulex\AutoBuilder\BuiltIn\Actions\SendSlackMessage" namespace="Grazulex\AutoBuilder\BuiltIn\Actions">
          <metrics complexity="10" methods="6" coveredmethods="5" conditionals="0" coveredconditionals="0" statements="60" coveredstatements="37" elements="66" coveredelements="42"/>
        </class>
        <line num="16" type="method" name="name" visibility="public" complexity="1" crap="1" count="2"/>
        <line num="18" type="stmt" count="2"/>
        <line num="21" type="method" name="description" visibility="public" complexity="1" crap="1" count="2"/>
        <line num="23" type="stmt" count="2"/>
        <line num="26" type="method" name="icon" visibility="public" complexity="1" crap="1" count="2"/>
        <line num="28" type="stmt" count="2"/>
        <line num="31" type="method" name="category" visibility="public" complexity="1" crap="1" count="2"/>
        <line num="33" type="stmt" count="2"/>
        <line num="36" type="method" name="fields" visibility="public" complexity="1" crap="1" count="2"/>
        <line num="38" type="stmt" count="2"/>
        <line num="39" type="stmt" count="2"/>
        <line num="40" type="stmt" count="2"/>
        <line num="41" type="stmt" count="2"/>
        <line num="42" type="stmt" count="2"/>
        <line num="43" type="stmt" count="2"/>
        <line num="45" type="stmt" count="2"/>
        <line num="46" type="stmt" count="2"/>
        <line num="47" type="stmt" count="2"/>
        <line num="48" type="stmt" count="2"/>
        <line num="50" type="stmt" count="2"/>
        <line num="51" type="stmt" count="2"/>
        <line num="52" type="stmt" count="2"/>
        <line num="53" type="stmt" count="2"/>
        <line num="55" type="stmt" count="2"/>
        <line num="56" type="stmt" count="2"/>
        <line num="57" type="stmt" count="2"/>
        <line num="58" type="stmt" count="2"/>
        <line num="60" type="stmt" count="2"/>
        <line num="61" type="stmt" count="2"/>
        <line num="62" type="stmt" count="2"/>
        <line num="63" type="stmt" count="2"/>
        <line num="64" type="stmt" count="2"/>
        <line num="66" type="stmt" count="2"/>
        <line num="67" type="stmt" count="2"/>
        <line num="68" type="stmt" count="2"/>
        <line num="69" type="stmt" count="2"/>
        <line num="71" type="stmt" count="2"/>
        <line num="72" type="stmt" count="2"/>
        <line num="73" type="stmt" count="2"/>
        <line num="74" type="stmt" count="2"/>
        <line num="75" type="stmt" count="2"/>
        <line num="76" type="stmt" count="2"/>
        <line num="79" type="method" name="handle" visibility="public" complexity="5" crap="30" count="0"/>
        <line num="81" type="stmt" count="0"/>
        <line num="82" type="stmt" count="0"/>
        <line num="83" type="stmt" count="0"/>
        <line num="84" type="stmt" count="0"/>
        <line num="85" type="stmt" count="0"/>
        <line num="86" type="stmt" count="0"/>
        <line num="88" type="stmt" count="0"/>
        <line num="89" type="stmt" count="0"/>
        <line num="90" type="stmt" count="0"/>
        <line num="91" type="stmt" count="0"/>
        <line num="92" type="stmt" count="0"/>
        <line num="94" type="stmt" count="0"/>
        <line num="95" type="stmt" count="0"/>
        <line num="98" type="stmt" count="0"/>
        <line num="99" type="stmt" count="0"/>
        <line num="100" type="stmt" count="0"/>
        <line num="101" type="stmt" count="0"/>
        <line num="102" type="stmt" count="0"/>
        <line num="106" type="stmt" count="0"/>
        <line num="108" type="stmt" count="0"/>
        <line num="109" type="stmt" count="0"/>
        <line num="111" type="stmt" count="0"/>
        <line num="114" type="stmt" count="0"/>
        <metrics loc="117" ncloc="117" classes="1" methods="6" coveredmethods="5" conditionals="0" coveredconditionals="0" statements="60" coveredstatements="37" elements="66" coveredelements="42"/>
      </file>
      <file name="/var/www/html/src/BuiltIn/Actions/SetVariable.php">
        <class name="Grazulex\AutoBuilder\BuiltIn\Actions\SetVariable" namespace="Grazulex\AutoBuilder\BuiltIn\Actions">
          <metrics complexity="23" methods="8" coveredmethods="7" conditionals="0" coveredconditionals="0" statements="71" coveredstatements="67" elements="79" coveredelements="74"/>
        </class>
        <line num="15" type="method" name="name" visibility="public" complexity="1" crap="1" count="6"/>
        <line num="17" type="stmt" count="6"/>
        <line num="20" type="method" name="description" visibility="public" complexity="1" crap="1" count="2"/>
        <line num="22" type="stmt" count="2"/>
        <line num="25" type="method" name="icon" visibility="public" complexity="1" crap="1" count="3"/>
        <line num="27" type="stmt" count="3"/>
        <line num="30" type="method" name="category" visibility="public" complexity="1" crap="1" count="3"/>
        <line num="32" type="stmt" count="3"/>
        <line num="35" type="method" name="fields" visibility="public" complexity="1" crap="1" count="8"/>
        <line num="37" type="stmt" count="8"/>
        <line num="38" type="stmt" count="8"/>
        <line num="39" type="stmt" count="8"/>
        <line num="40" type="stmt" count="8"/>
        <line num="41" type="stmt" count="8"/>
        <line num="42" type="stmt" count="8"/>
        <line num="43" type="stmt" count="8"/>
        <line num="44" type="stmt" count="8"/>
        <line num="46" type="stmt" count="8"/>
        <line num="47" type="stmt" count="8"/>
        <line num="48" type="stmt" count="8"/>
        <line num="49" type="stmt" count="8"/>
        <line num="50" type="stmt" count="8"/>
        <line num="52" type="stmt" count="8"/>
        <line num="53" type="stmt" count="8"/>
        <line num="54" type="stmt" count="8"/>
        <line num="55" type="stmt" count="8"/>
        <line num="56" type="stmt" count="8"/>
        <line num="58" type="stmt" count="8"/>
        <line num="59" type="stmt" count="8"/>
        <line num="60" type="stmt" count="8"/>
        <line num="61" type="stmt" count="8"/>
        <line num="62" type="stmt" count="8"/>
        <line num="64" type="stmt" count="8"/>
        <line num="65" type="stmt" count="8"/>
        <line num="66" type="stmt" count="8"/>
        <line num="67" type="stmt" count="8"/>
        <line num="68" type="stmt" count="8"/>
        <line num="69" type="stmt" count="8"/>
        <line num="70" type="stmt" count="8"/>
        <line num="71" type="stmt" count="8"/>
        <line num="72" type="stmt" count="8"/>
        <line num="73" type="stmt" count="8"/>
        <line num="74" type="stmt" count="8"/>
        <line num="75" type="stmt" count="8"/>
        <line num="78" type="method" name="handle" visibility="public" complexity="3" crap="3" count="9"/>
        <line num="80" type="stmt" count="9"/>
        <line num="81" type="stmt" count="9"/>
        <line num="83" type="stmt" count="9"/>
        <line num="84" type="stmt" count="8"/>
        <line num="85" type="stmt" count="8"/>
        <line num="87" type="stmt" count="8"/>
        <line num="88" type="stmt" count="8"/>
        <line num="90" type="stmt" count="8"/>
        <line num="92" type="stmt" count="1"/>
        <line num="94" type="stmt" count="1"/>
        <line num="95" type="stmt" count="1"/>
        <line num="96" type="stmt" count="1"/>
        <line num="97" type="stmt" count="1"/>
        <line num="100" type="stmt" count="1"/>
        <line num="103" type="stmt" count="9"/>
        <line num="106" type="method" name="castValue" visibility="private" complexity="7" crap="7" count="9"/>
        <line num="108" type="stmt" count="9"/>
        <line num="109" type="stmt" count="1"/>
        <line num="110" type="stmt" count="1"/>
        <line num="111" type="stmt" count="1"/>
        <line num="112" type="stmt" count="1"/>
        <line num="113" type="stmt" count="4"/>
        <line num="114" type="stmt" count="9"/>
        <line num="115" type="stmt" count="9"/>
        <line num="118" type="method" name="autoDetect" visibility="private" complexity="8" crap="13.62" count="1"/>
        <line num="120" type="stmt" count="1"/>
        <line num="121" type="stmt" count="1"/>
        <line num="124" type="stmt" count="1"/>
        <line num="125" type="stmt" count="0"/>
        <line num="128" type="stmt" count="1"/>
        <line num="129" type="stmt" count="0"/>
        <line num="130" type="stmt" count="0"/>
        <line num="131" type="stmt" count="0"/>
        <line num="135" type="stmt" count="1"/>
        <metrics loc="138" ncloc="138" classes="1" methods="8" coveredmethods="7" conditionals="0" coveredconditionals="0" statements="71" coveredstatements="67" elements="79" coveredelements="74"/>
      </file>
      <file name="/var/www/html/src/BuiltIn/Actions/StopFlow.php">
        <class name="Grazulex\AutoBuilder\BuiltIn\Actions\StopFlow" namespace="Grazulex\AutoBuilder\BuiltIn\Actions">
          <metrics complexity="10" methods="6" coveredmethods="6" conditionals="0" coveredconditionals="0" statements="38" coveredstatements="38" elements="44" coveredelements="44"/>
        </class>
        <line num="14" type="method" name="name" visibility="public" complexity="1" crap="1" count="3"/>
        <line num="16" type="stmt" count="3"/>
        <line num="19" type="method" name="description" visibility="public" complexity="1" crap="1" count="2"/>
        <line num="21" type="stmt" count="2"/>
        <line num="24" type="method" name="icon" visibility="public" complexity="1" crap="1" count="3"/>
        <line num="26" type="stmt" count="3"/>
        <line num="29" type="method" name="category" visibility="public" complexity="1" crap="1" count="3"/>
        <line num="31" type="stmt" count="3"/>
        <line num="34" type="method" name="fields" visibility="public" complexity="1" crap="1" count="3"/>
        <line num="36" type="stmt" count="3"/>
        <line num="37" type="stmt" count="3"/>
        <line num="38" type="stmt" count="3"/>
        <line num="39" type="stmt" count="3"/>
        <line num="40" type="stmt" count="3"/>
        <line num="41" type="stmt" count="3"/>
        <line num="42" type="stmt" count="3"/>
        <line num="43" type="stmt" count="3"/>
        <line num="44" type="stmt" count="3"/>
        <line num="46" type="stmt" count="3"/>
        <line num="47" type="stmt" count="3"/>
        <line num="48" type="stmt" count="3"/>
        <line num="49" type="stmt" count="3"/>
        <line num="50" type="stmt" count="3"/>
        <line num="52" type="stmt" count="3"/>
        <line num="53" type="stmt" count="3"/>
        <line num="54" type="stmt" count="3"/>
        <line num="55" type="stmt" count="3"/>
        <line num="56" type="stmt" count="3"/>
        <line num="59" type="method" name="handle" visibility="public" complexity="5" crap="5" count="5"/>
        <line num="61" type="stmt" count="5"/>
        <line num="62" type="stmt" count="5"/>
        <line num="63" type="stmt" count="5"/>
        <line num="66" type="stmt" count="5"/>
        <line num="67" type="stmt" count="1"/>
        <line num="68" type="stmt" count="1"/>
        <line num="71" type="stmt" count="5"/>
        <line num="72" type="stmt" count="5"/>
        <line num="73" type="stmt" count="5"/>
        <line num="75" type="stmt" count="5"/>
        <line num="76" type="stmt" count="2"/>
        <line num="77" type="stmt" count="1"/>
        <line num="78" type="stmt" count="2"/>
        <line num="79" type="stmt" count="5"/>
        <line num="81" type="stmt" count="5"/>
        <metrics loc="84" ncloc="83" classes="1" methods="6" coveredmethods="6" conditionals="0" coveredconditionals="0" statements="38" coveredstatements="38" elements="44" coveredelements="44"/>
      </file>
      <file name="/var/www/html/src/BuiltIn/Actions/SubFlow.php">
        <class name="Grazulex\AutoBuilder\BuiltIn\Actions\SubFlow" namespace="Grazulex\AutoBuilder\BuiltIn\Actions">
          <metrics complexity="26" methods="9" coveredmethods="5" conditionals="0" coveredconditionals="0" statements="108" coveredstatements="52" elements="117" coveredelements="57"/>
        </class>
        <line num="22" type="method" name="name" visibility="public" complexity="1" crap="1" count="2"/>
        <line num="24" type="stmt" count="2"/>
        <line num="27" type="method" name="description" visibility="public" complexity="1" crap="1" count="2"/>
        <line num="29" type="stmt" count="2"/>
        <line num="32" type="method" name="icon" visibility="public" complexity="1" crap="1" count="2"/>
        <line num="34" type="stmt" count="2"/>
        <line num="37" type="method" name="category" visibility="public" complexity="1" crap="1" count="2"/>
[...]
        <line num="27" type="stmt" count="0"/>
        <line num="30" type="stmt" count="0"/>
        <line num="32" type="stmt" count="0"/>
        <line num="33" type="stmt" count="0"/>
        <line num="35" type="stmt" count="0"/>
        <line num="38" type="stmt" count="0"/>
        <line num="39" type="stmt" count="0"/>
        <line num="41" type="stmt" count="0"/>
        <line num="46" type="stmt" count="0"/>
        <line num="48" type="stmt" count="0"/>
        <line num="49" type="stmt" count="0"/>
        <line num="50" type="stmt" count="0"/>
        <line num="51" type="stmt" count="0"/>
        <line num="52" type="stmt" count="0"/>
        <line num="53" type="stmt" count="0"/>
        <line num="54" type="stmt" count="0"/>
        <line num="61" type="method" name="viaQueue" visibility="public" complexity="1" crap="2" count="0"/>
        <line num="63" type="stmt" count="0"/>
        <line num="69" type="method" name="shouldQueue" visibility="public" complexity="3" crap="12" count="0"/>
        <line num="72" type="stmt" count="0"/>
        <line num="74" type="stmt" count="0"/>
        <line num="75" type="stmt" count="0"/>
        <line num="79" type="stmt" count="0"/>
        <metrics loc="82" ncloc="68" classes="1" methods="4" coveredmethods="0" conditionals="0" coveredconditionals="0" statements="25" coveredstatements="0" elements="29" coveredelements="0"/>
      </file>
    </package>
    <package name="Grazulex\AutoBuilder\Models">
      <file name="/var/www/html/src/Models/Flow.php">
        <class name="Grazulex\AutoBuilder\Models\Flow" namespace="Grazulex\AutoBuilder\Models">
          <metrics complexity="9" methods="9" coveredmethods="5" conditionals="0" coveredconditionals="0" statements="27" coveredstatements="23" elements="36" coveredelements="28"/>
        </class>
        <line num="44" type="method" name="runs" visibility="public" complexity="1" crap="2" count="0"/>
        <line num="46" type="stmt" count="0"/>
        <line num="49" type="method" name="createdBy" visibility="public" complexity="1" crap="2" count="0"/>
        <line num="51" type="stmt" count="0"/>
        <line num="54" type="method" name="updatedBy" visibility="public" complexity="1" crap="2" count="0"/>
        <line num="56" type="stmt" count="0"/>
        <line num="59" type="method" name="activate" visibility="public" complexity="1" crap="1" count="1"/>
        <line num="61" type="stmt" count="1"/>
        <line num="64" type="method" name="deactivate" visibility="public" complexity="1" crap="2" count="0"/>
        <line num="66" type="stmt" count="0"/>
        <line num="69" type="method" name="duplicate" visibility="public" complexity="1" crap="1" count="1"/>
        <line num="71" type="stmt" count="1"/>
        <line num="72" type="stmt" count="1"/>
        <line num="73" type="stmt" count="1"/>
        <line num="74" type="stmt" count="1"/>
        <line num="75" type="stmt" count="1"/>
        <line num="77" type="stmt" count="1"/>
        <line num="80" type="method" name="export" visibility="public" complexity="1" crap="1" count="1"/>
        <line num="82" type="stmt" count="1"/>
        <line num="83" type="stmt" count="1"/>
        <line num="84" type="stmt" count="1"/>
        <line num="85" type="stmt" count="1"/>
        <line num="86" type="stmt" count="1"/>
        <line num="87" type="stmt" count="1"/>
        <line num="88" type="stmt" count="1"/>
        <line num="89" type="stmt" count="1"/>
        <line num="92" type="method" name="import" visibility="public" complexity="1" crap="1" count="1"/>
        <line num="94" type="stmt" count="1"/>
        <line num="95" type="stmt" count="1"/>
        <line num="96" type="stmt" count="1"/>
        <line num="97" type="stmt" count="1"/>
        <line num="98" type="stmt" count="1"/>
        <line num="99" type="stmt" count="1"/>
        <line num="100" type="stmt" count="1"/>
        <line num="103" type="method" name="scopeActive" visibility="public" complexity="1" crap="1" count="1"/>
        <line num="105" type="stmt" count="1"/>
        <metrics loc="108" ncloc="108" classes="1" methods="9" coveredmethods="5" conditionals="0" coveredconditionals="0" statements="27" coveredstatements="23" elements="36" coveredelements="28"/>
      </file>
      <file name="/var/www/html/src/Models/FlowRun.php">
        <class name="Grazulex\AutoBuilder\Models\FlowRun" namespace="Grazulex\AutoBuilder\Models">
          <metrics complexity="10" methods="9" coveredmethods="0" conditionals="0" coveredconditionals="0" statements="11" coveredstatements="0" elements="20" coveredelements="0"/>
        </class>
        <line num="37" type="method" name="flow" visibility="public" complexity="1" crap="2" count="0"/>
        <line num="39" type="stmt" count="0"/>
        <line num="42" type="method" name="isCompleted" visibility="public" complexity="1" crap="2" count="0"/>
        <line num="44" type="stmt" count="0"/>
        <line num="47" type="method" name="isFailed" visibility="public" complexity="1" crap="2" count="0"/>
        <line num="49" type="stmt" count="0"/>
        <line num="52" type="method" name="isPaused" visibility="public" complexity="1" crap="2" count="0"/>
        <line num="54" type="stmt" count="0"/>
        <line num="57" type="method" name="isRunning" visibility="public" complexity="1" crap="2" count="0"/>
        <line num="59" type="stmt" count="0"/>
        <line num="62" type="method" name="getDurationAttribute" visibility="public" complexity="2" crap="6" count="0"/>
        <line num="64" type="stmt" count="0"/>
        <line num="65" type="stmt" count="0"/>
        <line num="68" type="stmt" count="0"/>
        <line num="71" type="method" name="scopeCompleted" visibility="public" complexity="1" crap="2" count="0"/>
        <line num="73" type="stmt" count="0"/>
        <line num="76" type="method" name="scopeFailed" visibility="public" complexity="1" crap="2" count="0"/>
        <line num="78" type="stmt" count="0"/>
        <line num="81" type="method" name="scopeRecent" visibility="public" complexity="1" crap="2" count="0"/>
        <line num="83" type="stmt" count="0"/>
        <metrics loc="86" ncloc="86" classes="1" methods="9" coveredmethods="0" conditionals="0" coveredconditionals="0" statements="11" coveredstatements="0" elements="20" coveredelements="0"/>
      </file>
    </package>
    <package name="Grazulex\AutoBuilder\Observers">
      <file name="/var/www/html/src/Observers/FlowObserver.php">
        <class name="Grazulex\AutoBuilder\Observers\FlowObserver" namespace="Grazulex\AutoBuilder\Observers">
          <metrics complexity="8" methods="4" coveredmethods="1" conditionals="0" coveredconditionals="0" statements="8" coveredstatements="3" elements="12" coveredelements="4"/>
        </class>
        <line num="12" type="method" name="__construct" visibility="public" complexity="1" crap="1" count="460"/>
        <line num="14" type="stmt" count="460"/>
        <line num="19" type="method" name="updated" visibility="public" complexity="4" crap="6.00" count="1"/>
        <line num="22" type="stmt" count="1"/>
        <line num="23" type="stmt" count="1"/>
        <line num="27" type="stmt" count="0"/>
        <line num="28" type="stmt" count="0"/>
        <line num="35" type="method" name="deleted" visibility="public" complexity="1" crap="2" count="0"/>
        <line num="37" type="stmt" count="0"/>
        <line num="43" type="method" name="restored" visibility="public" complexity="2" crap="6" count="0"/>
        <line num="45" type="stmt" count="0"/>
        <line num="46" type="stmt" count="0"/>
        <metrics loc="50" ncloc="39" classes="1" methods="4" coveredmethods="1" conditionals="0" coveredconditionals="0" statements="8" coveredstatements="3" elements="12" coveredelements="4"/>
      </file>
    </package>
    <package name="Grazulex\AutoBuilder\Registry">
      <file name="/var/www/html/src/Registry/BrickRegistry.php">
        <class name="Grazulex\AutoBuilder\Registry\BrickRegistry" namespace="Grazulex\AutoBuilder\Registry">
          <metrics complexity="32" methods="11" coveredmethods="8" conditionals="0" coveredconditionals="0" statements="62" coveredstatements="56" elements="73" coveredelements="64"/>
        </class>
        <line num="29" type="method" name="__construct" visibility="public" complexity="1" crap="1" count="460"/>
        <line num="31" type="stmt" count="460"/>
        <line num="37" type="method" name="register" visibility="public" complexity="7" crap="7.14" count="460"/>
        <line num="39" type="stmt" count="460"/>
        <line num="40" type="stmt" count="0"/>
        <line num="43" type="stmt" count="460"/>
        <line num="45" type="stmt" count="460"/>
        <line num="46" type="stmt" count="0"/>
        <line num="49" type="stmt" count="460"/>
        <line num="50" type="stmt" count="460"/>
        <line num="51" type="stmt" count="460"/>
        <line num="52" type="stmt" count="460"/>
        <line num="53" type="stmt" count="460"/>
        <line num="54" type="stmt" count="460"/>
        <line num="55" type="stmt" count="460"/>
        <line num="56" type="stmt" count="460"/>
        <line num="59" type="stmt" count="460"/>
        <line num="65" type="method" name="discover" visibility="public" complexity="7" crap="7.14" count="460"/>
        <line num="68" type="stmt" count="460"/>
        <line num="69" type="stmt" count="460"/>
        <line num="72" type="stmt" count="460"/>
        <line num="73" type="stmt" count="460"/>
        <line num="76" type="stmt" count="460"/>
        <line num="77" type="stmt" count="460"/>
        <line num="80" type="stmt" count="460"/>
        <line num="81" type="stmt" count="460"/>
        <line num="85" type="stmt" count="460"/>
        <line num="86" type="stmt" count="460"/>
        <line num="88" type="stmt" count="460"/>
        <line num="89" type="stmt" count="460"/>
        <line num="90" type="stmt" count="0"/>
        <line num="91" type="stmt" count="0"/>
        <line num="99" type="method" name="discoverInPath" visibility="protected" complexity="6" crap="6.07" count="460"/>
        <line num="101" type="stmt" count="460"/>
        <line num="102" type="stmt" count="0"/>
        <line num="105" type="stmt" count="460"/>
        <line num="107" type="stmt" count="460"/>
        <line num="108" type="stmt" count="460"/>
        <line num="109" type="stmt" count="0"/>
        <line num="112" type="stmt" count="460"/>
        <line num="113" type="stmt" count="460"/>
        <line num="114" type="stmt" count="460"/>
        <line num="115" type="stmt" count="460"/>
        <line num="116" type="stmt" count="460"/>
        <line num="118" type="stmt" count="460"/>
        <line num="120" type="stmt" count="460"/>
        <line num="121" type="stmt" count="460"/>
        <line num="122" type="stmt" count="460"/>
        <line num="123" type="stmt" count="460"/>
        <line num="132" type="method" name="resolve" visibility="public" complexity="2" crap="2" count="265"/>
        <line num="134" type="stmt" count="265"/>
        <line num="135" type="stmt" count="1"/>
        <line num="138" type="stmt" count="264"/>
        <line num="144" type="method" name="getTriggers" visibility="public" complexity="1" crap="1" count="2"/>
        <line num="146" type="stmt" count="2"/>
        <line num="152" type="method" name="getConditions" visibility="public" complexity="1" crap="1" count="2"/>
        <line num="154" type="stmt" count="2"/>
        <line num="160" type="method" name="getActions" visibility="public" complexity="1" crap="1" count="2"/>
        <line num="162" type="stmt" count="2"/>
        <line num="168" type="method" name="getGates" visibility="public" complexity="1" crap="1" count="1"/>
        <line num="170" type="stmt" count="1"/>
        <line num="176" type="method" name="all" visibility="public" complexity="1" crap="1" count="1"/>
        <line num="178" type="stmt" count="1"/>
        <line num="179" type="stmt" count="1"/>
        <line num="180" type="stmt" count="1"/>
        <line num="181" type="stmt" count="1"/>
        <line num="182" type="stmt" count="1"/>
        <line num="183" type="stmt" count="1"/>
        <line num="189" type="method" name="has" visibility="public" complexity="4" crap="4" count="3"/>
        <line num="191" type="stmt" count="3"/>
        <line num="192" type="stmt" count="3"/>
        <line num="193" type="stmt" count="3"/>
        <line num="194" type="stmt" count="3"/>
        <metrics loc="197" ncloc="165" classes="1" methods="11" coveredmethods="8" conditionals="0" coveredconditionals="0" statements="62" coveredstatements="56" elements="73" coveredelements="64"/>
      </file>
    </package>
    <package name="Grazulex\AutoBuilder\Traits">
      <file name="/var/www/html/src/Traits/RendersVariables.php">
        <class name="Grazulex\AutoBuilder\Traits\RendersVariables" namespace="Grazulex\AutoBuilder\Traits">
          <metrics complexity="45" methods="5" coveredmethods="5" conditionals="0" coveredconditionals="0" statements="51" coveredstatements="51" elements="56" coveredelements="56"/>
        </class>
        <line num="15" type="method" name="render" visibility="protected" complexity="2" crap="2" count="174"/>
        <line num="17" type="stmt" count="174"/>
        <line num="18" type="stmt" count="174"/>
        <line num="19" type="stmt" count="174"/>
        <line num="20" type="stmt" count="31"/>
        <line num="23" type="stmt" count="31"/>
        <line num="24" type="stmt" count="5"/>
        <line num="25" type="stmt" count="5"/>
        <line num="27" type="stmt" count="5"/>
        <line num="30" type="stmt" count="26"/>
        <line num="31" type="stmt" count="174"/>
        <line num="32" type="stmt" count="174"/>
        <line num="33" type="stmt" count="174"/>
        <line num="39" type="method" name="applyFilter" visibility="protected" complexity="32" crap="32" count="32"/>
        <line num="41" type="stmt" count="32"/>
        <line num="42" type="stmt" count="3"/>
        <line num="43" type="stmt" count="2"/>
        <line num="44" type="stmt" count="1"/>
        <line num="45" type="stmt" count="2"/>
        <line num="46" type="stmt" count="1"/>
        <line num="47" type="stmt" count="2"/>
        <line num="48" type="stmt" count="4"/>
        <line num="49" type="stmt" count="1"/>
        <line num="50" type="stmt" count="1"/>
        <line num="51" type="stmt" count="4"/>
        <line num="52" type="stmt" count="2"/>
        <line num="53" type="stmt" count="1"/>
        <line num="54" type="stmt" count="2"/>
        <line num="55" type="stmt" count="1"/>
        <line num="56" type="stmt" count="1"/>
        <line num="57" type="stmt" count="2"/>
        <line num="58" type="stmt" count="1"/>
        <line num="59" type="stmt" count="1"/>
        <line num="60" type="stmt" count="2"/>
        <line num="61" type="stmt" count="32"/>
        <line num="62" type="stmt" count="32"/>
        <line num="68" type="method" name="formatDate" visibility="protected" complexity="4" crap="4" count="6"/>
        <line num="70" type="stmt" count="6"/>
        <line num="71" type="stmt" count="3"/>
        <line num="74" type="stmt" count="3"/>
        <line num="75" type="stmt" count="2"/>
        <line num="78" type="stmt" count="1"/>
        <line num="84" type="method" name="resolveValue" visibility="protected" complexity="4" crap="4" count="163"/>
        <line num="86" type="stmt" count="163"/>
        <line num="88" type="stmt" count="156"/>
        <line num="89" type="stmt" count="16"/>
        <line num="93" type="stmt" count="148"/>
        <line num="96" type="stmt" count="11"/>
        <line num="97" type="stmt" count="2"/>
        <line num="100" type="stmt" count="9"/>
        <line num="106" type="method" name="resolveKeyValue" visibility="protected" complexity="3" crap="3" count="4"/>
        <line num="108" type="stmt" count="4"/>
        <line num="110" type="stmt" count="4"/>
        <line num="111" type="stmt" count="4"/>
        <line num="112" type="stmt" count="4"/>
        <line num="115" type="stmt" count="4"/>
        <metrics loc="118" ncloc="100" classes="1" methods="5" coveredmethods="5" conditionals="0" coveredconditionals="0" statements="51" coveredstatements="51" elements="56" coveredelements="56"/>
      </file>
    </package>
    <package name="Grazulex\AutoBuilder\Trigger">
      <file name="/var/www/html/src/Trigger/TriggerManager.php">
        <class name="Grazulex\AutoBuilder\Trigger\TriggerManager" namespace="Grazulex\AutoBuilder\Trigger">
          <metrics complexity="16" methods="7" coveredmethods="2" conditionals="0" coveredconditionals="0" statements="38" coveredstatements="11" elements="45" coveredelements="13"/>
        </class>
        <line num="21" type="method" name="__construct" visibility="public" complexity="1" crap="1" count="460"/>
        <line num="23" type="stmt" count="460"/>
        <line num="28" type="method" name="bootActiveFlows" visibility="public" complexity="2" crap="6" count="0"/>
        <line num="30" type="stmt" count="0"/>
        <line num="32" type="stmt" count="0"/>
        <line num="33" type="stmt" count="0"/>
        <line num="36" type="stmt" count="0"/>
        <line num="42" type="method" name="registerFlow" visibility="public" complexity="5" crap="19.93" count="1"/>
        <line num="45" type="stmt" count="1"/>
        <line num="47" type="stmt" count="1"/>
        <line num="48" type="stmt" count="1"/>
        <line num="50" type="stmt" count="0"/>
        <line num="54" type="stmt" count="0"/>
        <line num="55" type="stmt" count="0"/>
        <line num="57" type="stmt" count="0"/>
        <line num="58" type="stmt" count="0"/>
        <line num="60" type="stmt" count="0"/>
        <line num="65" type="stmt" count="0"/>
        <line num="67" type="stmt" count="0"/>
        <line num="68" type="stmt" count="0"/>
        <line num="70" type="stmt" count="0"/>
        <line num="74" type="stmt" count="0"/>
        <line num="75" type="stmt" count="0"/>
        <line num="78" type="stmt" count="0"/>
        <line num="80" type="stmt" count="0"/>
        <line num="81" type="stmt" count="0"/>
        <line num="82" type="stmt" count="0"/>
        <line num="89" type="method" name="unregisterFlow" visibility="public" complexity="2" crap="3.19" count="1"/>
        <line num="91" type="stmt" count="1"/>
        <line num="92" type="stmt" count="1"/>
        <line num="95" type="stmt" count="0"/>
        <line num="96" type="stmt" count="0"/>
        <line num="98" type="stmt" count="0"/>
        <line num="100" type="stmt" count="0"/>
        <line num="106" type="method" name="refreshFlow" visibility="public" complexity="2" crap="2" count="1"/>
        <line num="108" type="stmt" count="1"/>
        <line num="110" type="stmt" count="1"/>
        <line num="111" type="stmt" count="1"/>
        <line num="120" type="method" name="getRegisteredTriggers" visibility="public" complexity="1" crap="2" count="0"/>
        <line num="122" type="stmt" count="0"/>
        <line num="128" type="method" name="findTriggerNode" visibility="protected" complexity="3" crap="4.12" count="1"/>
        <line num="130" type="stmt" count="1"/>
        <line num="131" type="stmt" count="0"/>
        <line num="132" type="stmt" count="0"/>
        <line num="136" type="stmt" count="1"/>
        <metrics loc="139" ncloc="109" classes="1" methods="7" coveredmethods="2" conditionals="0" coveredconditionals="0" statements="38" coveredstatements="11" elements="45" coveredelements="13"/>
      </file>
    </package>
    <metrics files="102" loc="9445" ncloc="8843" classes="100" methods="600" coveredmethods="412" conditionals="0" coveredconditionals="0" statements="3747" coveredstatements="2464" elements="4347" coveredelements="2876"/>
  </project>
</coverage>
